<?xml version="1.0" encoding="UTF-8"?>
<testsuite name="com.b2.ultraprocessed.ocr.OcrNormalizerTest" tests="4" skipped="0" failures="0" errors="0" timestamp="2026-03-30T01:47:14.820Z" hostname="Samets-MacBook.local" time="0.003">
  <properties/>
  <testcase name="removes special characters" classname="com.b2.ultraprocessed.ocr.OcrNormalizerTest" time="0.002"/>
  <testcase name="removes INGREDIENTS prefix" classname="com.b2.ultraprocessed.ocr.OcrNormalizerTest" time="0.001"/>
  <testcase name="converts to lowercase" classname="com.b2.ultraprocessed.ocr.OcrNormalizerTest" time="0.0"/>
  <testcase name="collapses multiple spaces" classname="com.b2.ultraprocessed.ocr.OcrNormalizerTest" time="0.0"/>
  <system-out><![CDATA[]]></system-out>
  <system-err><![CDATA[]]></system-err>
</testsuite>
